<?xml version="1.0" encoding="UTF-8"?>
<!-- Generated by org.testng.reporters.JUnitXMLReporter -->
<testsuite hostname="DESKTOP-45QRTE1" name="Test" tests="3" failures="0" timestamp="26 Jun 2021 18:16:45 GMT" time="13.399" errors="0">
  <testcase name="LoginHRM" time="3.76" classname="testcases.LoginTest"/>
  <testcase name="UMTest" time="0.0" classname="testcases.UserManagementTest">
    <skipped/>
  </testcase> <!-- UMTest -->
  <testcase name="LoginHRMExcel" time="0.0" classname="testcases.LoginTest">
    <skipped/>
  </testcase> <!-- LoginHRMExcel -->
</testsuite> <!-- Test -->
